# JRE version: Java(TM) SE Runtime Environment (8.0_65-b17) (build 1.8.0_65-b17)
# Java VM: Java HotSpot(TM) 64-Bit Server VM (25.65-b01 mixed mode windows-amd64 compressed oops)
Heap:
 PSYoungGen      total 130048K, used 22037K [0x000000076b180000, 0x000000077a080000, 0x00000007c0000000)
  eden space 119296K, 10% used [0x000000076b180000,0x000000076bd5e5d0,0x0000000772600000)
  from space 10752K, 91% used [0x0000000772600000,0x0000000772fa6e68,0x0000000773080000)
  to   space 12800K, 0% used [0x0000000779400000,0x0000000779400000,0x000000077a080000)
 ParOldGen       total 74240K, used 8468K [0x00000006c1400000, 0x00000006c5c80000, 0x000000076b180000)
  object space 74240K, 11% used [0x00000006c1400000,0x00000006c1c45110,0x00000006c5c80000)
 Metaspace       used 23867K, capacity 24737K, committed 24880K, reserved 1071104K
  class space    used 3018K, capacity 3268K, committed 3376K, reserved 1048576K
GC Heap History (10 events):
Event: 6.684 GC heap before
{Heap before GC invocations=2 (full 1):
 PSYoungGen      total 76288K, used 8714K [0x000000076b180000, 0x0000000770680000, 0x00000007c0000000)
  eden space 65536K, 0% used [0x000000076b180000,0x000000076b180000,0x000000076f180000)
  from space 10752K, 81% used [0x000000076f180000,0x000000076fa02868,0x000000076fc00000)
  to   space 10752K, 0% used [0x000000076fc00000,0x000000076fc00000,0x0000000770680000)
 ParOldGen       total 175104K, used 24K [0x00000006c1400000, 0x00000006cbf00000, 0x000000076b180000)
  object space 175104K, 0% used [0x00000006c1400000,0x00000006c1406000,0x00000006cbf00000)
 Metaspace       used 20542K, capacity 21251K, committed 21296K, reserved 1067008K
  class space    used 2600K, capacity 2819K, committed 2864K, reserved 1048576K
Event: 6.720 GC heap after
Heap after GC invocations=2 (full 1):
 PSYoungGen      total 76288K, used 0K [0x000000076b180000, 0x0000000770680000, 0x00000007c0000000)
  eden space 65536K, 0% used [0x000000076b180000,0x000000076b180000,0x000000076f180000)
  from space 10752K, 0% used [0x000000076f180000,0x000000076f180000,0x000000076fc00000)
  to   space 10752K, 0% used [0x000000076fc00000,0x000000076fc00000,0x0000000770680000)
 ParOldGen       total 74240K, used 8436K [0x00000006c1400000, 0x00000006c5c80000, 0x000000076b180000)
  object space 74240K, 11% used [0x00000006c1400000,0x00000006c1c3d110,0x00000006c5c80000)
 Metaspace       used 20542K, capacity 21251K, committed 21296K, reserved 1067008K
  class space    used 2600K, capacity 2819K, committed 2864K, reserved 1048576K
}
Event: 7.168 GC heap before
{Heap before GC invocations=3 (full 1):
 PSYoungGen      total 76288K, used 65484K [0x000000076b180000, 0x0000000770680000, 0x00000007c0000000)
  eden space 65536K, 99% used [0x000000076b180000,0x000000076f1730a0,0x000000076f180000)
  from space 10752K, 0% used [0x000000076f180000,0x000000076f180000,0x000000076fc00000)
  to   space 10752K, 0% used [0x000000076fc00000,0x000000076fc00000,0x0000000770680000)
 ParOldGen       total 74240K, used 8436K [0x00000006c1400000, 0x00000006c5c80000, 0x000000076b180000)
  object space 74240K, 11% used [0x00000006c1400000,0x00000006c1c3d110,0x00000006c5c80000)
 Metaspace       used 20800K, capacity 21483K, committed 21552K, reserved 1069056K
  class space    used 2629K, capacity 2827K, committed 2864K, reserved 1048576K
Event: 7.171 GC heap after
Heap after GC invocations=3 (full 1):
 PSYoungGen      total 76288K, used 692K [0x000000076b180000, 0x0000000770680000, 0x00000007c0000000)
  eden space 65536K, 0% used [0x000000076b180000,0x000000076b180000,0x000000076f180000)
  from space 10752K, 6% used [0x000000076fc00000,0x000000076fcad378,0x0000000770680000)
  to   space 10752K, 0% used [0x000000076f180000,0x000000076f180000,0x000000076fc00000)
 ParOldGen       total 74240K, used 8444K [0x00000006c1400000, 0x00000006c5c80000, 0x000000076b180000)
  object space 74240K, 11% used [0x00000006c1400000,0x00000006c1c3f110,0x00000006c5c80000)
 Metaspace       used 20800K, capacity 21483K, committed 21552K, reserved 1069056K
  class space    used 2629K, capacity 2827K, committed 2864K, reserved 1048576K
}
Event: 7.183 GC heap before
{Heap before GC invocations=4 (full 1):
 PSYoungGen      total 76288K, used 66190K [0x000000076b180000, 0x0000000770680000, 0x00000007c0000000)
  eden space 65536K, 99% used [0x000000076b180000,0x000000076f176680,0x000000076f180000)
  from space 10752K, 6% used [0x000000076fc00000,0x000000076fcad378,0x0000000770680000)
  to   space 10752K, 0% used [0x000000076f180000,0x000000076f180000,0x000000076fc00000)
 ParOldGen       total 74240K, used 8444K [0x00000006c1400000, 0x00000006c5c80000, 0x000000076b180000)
  object space 74240K, 11% used [0x00000006c1400000,0x00000006c1c3f110,0x00000006c5c80000)
 Metaspace       used 20800K, capacity 21483K, committed 21552K, reserved 1069056K
  class space    used 2629K, capacity 2827K, committed 2864K, reserved 1048576K
Event: 7.184 GC heap after
Heap after GC invocations=4 (full 1):
 PSYoungGen      total 76288K, used 637K [0x000000076b180000, 0x0000000773b00000, 0x00000007c0000000)
  eden space 65536K, 0% used [0x000000076b180000,0x000000076b180000,0x000000076f180000)
  from space 10752K, 5% used [0x000000076f180000,0x000000076f21f698,0x000000076fc00000)
  to   space 10752K, 0% used [0x0000000773080000,0x0000000773080000,0x0000000773b00000)
 ParOldGen       total 74240K, used 8452K [0x00000006c1400000, 0x00000006c5c80000, 0x000000076b180000)
  object space 74240K, 11% used [0x00000006c1400000,0x00000006c1c41110,0x00000006c5c80000)
 Metaspace       used 20800K, capacity 21483K, committed 21552K, reserved 1069056K
  class space    used 2629K, capacity 2827K, committed 2864K, reserved 1048576K
}
Event: 7.194 GC heap before
{Heap before GC invocations=5 (full 1):
 PSYoungGen      total 76288K, used 66147K [0x000000076b180000, 0x0000000773b00000, 0x00000007c0000000)
  eden space 65536K, 99% used [0x000000076b180000,0x000000076f179708,0x000000076f180000)
  from space 10752K, 5% used [0x000000076f180000,0x000000076f21f698,0x000000076fc00000)
  to   space 10752K, 0% used [0x0000000773080000,0x0000000773080000,0x0000000773b00000)
 ParOldGen       total 74240K, used 8452K [0x00000006c1400000, 0x00000006c5c80000, 0x000000076b180000)
  object space 74240K, 11% used [0x00000006c1400000,0x00000006c1c41110,0x00000006c5c80000)
 Metaspace       used 20800K, capacity 21483K, committed 21552K, reserved 1069056K
  class space    used 2629K, capacity 2827K, committed 2864K, reserved 1048576K
Event: 7.195 GC heap after
Heap after GC invocations=5 (full 1):
 PSYoungGen      total 130048K, used 863K [0x000000076b180000, 0x0000000773e80000, 0x00000007c0000000)
  eden space 119296K, 0% used [0x000000076b180000,0x000000076b180000,0x0000000772600000)
  from space 10752K, 8% used [0x0000000773080000,0x0000000773157d80,0x0000000773b00000)
  to   space 10752K, 0% used [0x0000000772600000,0x0000000772600000,0x0000000773080000)
 ParOldGen       total 74240K, used 8460K [0x00000006c1400000, 0x00000006c5c80000, 0x000000076b180000)
  object space 74240K, 11% used [0x00000006c1400000,0x00000006c1c43110,0x00000006c5c80000)
 Metaspace       used 20800K, capacity 21483K, committed 21552K, reserved 1069056K
  class space    used 2629K, capacity 2827K, committed 2864K, reserved 1048576K
}
Event: 24.011 GC heap before
{Heap before GC invocations=6 (full 1):
 PSYoungGen      total 130048K, used 120159K [0x000000076b180000, 0x0000000773e80000, 0x00000007c0000000)
  eden space 119296K, 100% used [0x000000076b180000,0x0000000772600000,0x0000000772600000)
  from space 10752K, 8% used [0x0000000773080000,0x0000000773157d80,0x0000000773b00000)
  to   space 10752K, 0% used [0x0000000772600000,0x0000000772600000,0x0000000773080000)
 ParOldGen       total 74240K, used 8460K [0x00000006c1400000, 0x00000006c5c80000, 0x000000076b180000)
  object space 74240K, 11% used [0x00000006c1400000,0x00000006c1c43110,0x00000006c5c80000)
 Metaspace       used 23394K, capacity 24253K, committed 24496K, reserved 1071104K
  class space    used 2972K, capacity 3216K, committed 3248K, reserved 1048576K
Event: 24.024 GC heap after
Heap after GC invocations=6 (full 1):
 PSYoungGen      total 130048K, used 9883K [0x000000076b180000, 0x000000077a080000, 0x00000007c0000000)
  eden space 119296K, 0% used [0x000000076b180000,0x000000076b180000,0x0000000772600000)
  from space 10752K, 91% used [0x0000000772600000,0x0000000772fa6e68,0x0000000773080000)
  to   space 12800K, 0% used [0x0000000779400000,0x0000000779400000,0x000000077a080000)
 ParOldGen       total 74240K, used 8468K [0x00000006c1400000, 0x00000006c5c80000, 0x000000076b180000)
  object space 74240K, 11% used [0x00000006c1400000,0x00000006c1c45110,0x00000006c5c80000)
 Metaspace       used 23394K, capacity 24253K, committed 24496K, reserved 1071104K
  class space    used 2972K, capacity 3216K, committed 3248K, reserved 1048576K
}

